<?xml version="1.0" encoding="UTF-8"?>
<!-- Generated by org.testng.reporters.JUnitReportReporter -->
<testsuite hostname="LAPTOP-DDON7BO0" failures="0" tests="1" name="test.Test01" time="0.559" errors="0" timestamp="2024-12-28T21:34:40 IST" skipped="0">
  <testcase classname="test.Test01" name="test01" time="0.559"/>
</testsuite> <!-- test.Test01 -->
